2021-02-22 01:58:08.165 11923-11923/? I/erialconanddra: Late-enabling -Xcheck:jni
2021-02-22 01:58:08.210 11923-11923/? E/erialconanddra: Unknown bits set in runtime_flags: 0x8000
2021-02-22 01:58:08.771 11923-11923/cx.bird.tbt.serialconanddraw I/Perf: Connecting to perf service.
2021-02-22 01:58:08.786 11923-12033/cx.bird.tbt.serialconanddraw E/Perf: Fail to get file list cx.bird.tbt.serialconanddraw
2021-02-22 01:58:08.787 11923-12033/cx.bird.tbt.serialconanddraw E/Perf: getFolderSize() : Exception_1 = java.lang.NullPointerException: Attempt to get length of null array
2021-02-22 01:58:08.787 11923-12033/cx.bird.tbt.serialconanddraw E/Perf: Fail to get file list cx.bird.tbt.serialconanddraw
2021-02-22 01:58:08.787 11923-12033/cx.bird.tbt.serialconanddraw E/Perf: getFolderSize() : Exception_1 = java.lang.NullPointerException: Attempt to get length of null array
2021-02-22 01:58:09.086 11923-11923/cx.bird.tbt.serialconanddraw W/erialconanddra: Accessing hidden method Landroid/view/View;->computeFitSystemWindows(Landroid/graphics/Rect;Landroid/graphics/Rect;)Z (greylist, reflection, allowed)
2021-02-22 01:58:09.089 11923-11923/cx.bird.tbt.serialconanddraw W/erialconanddra: Accessing hidden method Landroid/view/ViewGroup;->makeOptionalFitsSystemWindows()V (greylist, reflection, allowed)
2021-02-22 01:58:09.492 11923-12034/cx.bird.tbt.serialconanddraw I/AdrenoGLES: QUALCOMM build                   : 7331a27, Ieeb4a86f7b
    Build Date                       : 11/13/19
    OpenGL ES Shader Compiler Version: EV031.27.05.02
    Local Branch                     : 
    Remote Branch                    : 
    Remote Branch                    : 
    Reconstruct Branch               : 
2021-02-22 01:58:09.492 11923-12034/cx.bird.tbt.serialconanddraw I/AdrenoGLES: Build Config                     : S L 8.0.12 AArch64
2021-02-22 01:58:09.501 11923-12034/cx.bird.tbt.serialconanddraw I/AdrenoGLES: PFP: 0x005ff112, ME: 0x005ff066
2021-02-22 01:58:09.494 11923-11923/cx.bird.tbt.serialconanddraw W/RenderThread: type=1400 audit(0.0:9928): avc: denied { search } for name="kgsl-3d0" dev="sysfs" ino=23363 scontext=u:r:untrusted_app:s0:c161,c256,c512,c768 tcontext=u:object_r:sysfs_kgsl:s0 tclass=dir permissive=0
2021-02-22 01:58:09.504 11923-12034/cx.bird.tbt.serialconanddraw W/AdrenoUtils: <ReadGpuID_from_sysfs:194>: Failed to open /sys/class/kgsl/kgsl-3d0/gpu_model
2021-02-22 01:58:09.505 11923-12034/cx.bird.tbt.serialconanddraw W/AdrenoUtils: <ReadGpuID:218>: Failed to read chip ID from gpu_model. Fallback to use the GSL path
2021-02-22 01:58:09.581 11923-12034/cx.bird.tbt.serialconanddraw W/Gralloc3: mapper 3.x is not supported
2021-02-22 01:58:14.909 11923-11923/cx.bird.tbt.serialconanddraw I/TAG: cone
2021-02-22 01:58:14.909 11923-11923/cx.bird.tbt.serialconanddraw I/TAG: Connected
2021-02-22 01:58:14.941 11923-11923/cx.bird.tbt.serialconanddraw D/UsbRequestJNI: init
2021-02-22 01:58:14.944 11923-11923/cx.bird.tbt.serialconanddraw D/FtdiSerialPort: baud rate=9600, effective=9600, error=0.0%, value=0x4138, index=0x0000, divisor=312, subdivisor=4
2021-02-22 01:58:15.328 11923-11923/cx.bird.tbt.serialconanddraw I/TAG: read
2021-02-22 01:58:15.437 11923-12042/cx.bird.tbt.serialconanddraw I/TAG: 11
2021-02-22 01:58:15.437 11923-12042/cx.bird.tbt.serialconanddraw I/TAG: byte: 65,0,0,0,9,5,1,4
2021-02-22 01:58:15.634 11923-12042/cx.bird.tbt.serialconanddraw I/TAG: Atai: 00095
2021-02-22 01:58:16.261 11923-12042/cx.bird.tbt.serialconanddraw I/TAG: 11
2021-02-22 01:58:16.262 11923-12042/cx.bird.tbt.serialconanddraw I/TAG: byte: 65,0,0,0,9,6,1,5
2021-02-22 01:58:16.271 11923-12042/cx.bird.tbt.serialconanddraw I/TAG: Atai: 00096
2021-02-22 01:58:17.315 11923-12042/cx.bird.tbt.serialconanddraw I/TAG: 11
2021-02-22 01:58:17.315 11923-12042/cx.bird.tbt.serialconanddraw I/TAG: byte: 65,0,0,0,9,7,1,6
2021-02-22 01:58:17.324 11923-12042/cx.bird.tbt.serialconanddraw I/TAG: Atai: 00097
2021-02-22 01:58:18.481 11923-12042/cx.bird.tbt.serialconanddraw I/TAG: 11
2021-02-22 01:58:18.482 11923-12042/cx.bird.tbt.serialconanddraw I/TAG: byte: 65,0,0,0,0,0,0,0
2021-02-22 01:58:18.498 11923-12042/cx.bird.tbt.serialconanddraw I/TAG: Atai: 00000
2021-02-22 01:58:19.446 11923-12042/cx.bird.tbt.serialconanddraw I/TAG: 11
2021-02-22 01:58:19.446 11923-12042/cx.bird.tbt.serialconanddraw I/TAG: byte: 65,0,0,0,0,1,0,1
2021-02-22 01:58:19.456 11923-12042/cx.bird.tbt.serialconanddraw I/TAG: Atai: 00001
2021-02-22 01:58:20.495 11923-12042/cx.bird.tbt.serialconanddraw I/TAG: 11
2021-02-22 01:58:20.496 11923-12042/cx.bird.tbt.serialconanddraw I/TAG: byte: 65,0,0,0,0,2,0,2
2021-02-22 01:58:20.506 11923-12042/cx.bird.tbt.serialconanddraw I/TAG: Atai: 00002
2021-02-22 01:58:21.454 11923-12042/cx.bird.tbt.serialconanddraw I/TAG: 11
2021-02-22 01:58:21.455 11923-12042/cx.bird.tbt.serialconanddraw I/TAG: byte: 65,0,0,0,0,3,0,3
2021-02-22 01:58:21.465 11923-12042/cx.bird.tbt.serialconanddraw I/TAG: Atai: 00003
2021-02-22 01:58:22.520 11923-12042/cx.bird.tbt.serialconanddraw I/TAG: 11
2021-02-22 01:58:22.520 11923-12042/cx.bird.tbt.serialconanddraw I/TAG: byte: 65,0,0,0,0,4,0,4
2021-02-22 01:58:22.529 11923-12042/cx.bird.tbt.serialconanddraw I/TAG: Atai: 00004
2021-02-22 01:58:23.496 11923-12042/cx.bird.tbt.serialconanddraw I/TAG: 11
2021-02-22 01:58:23.496 11923-12042/cx.bird.tbt.serialconanddraw I/TAG: byte: 65,0,0,0,0,5,0,5
2021-02-22 01:58:23.505 11923-12042/cx.bird.tbt.serialconanddraw I/TAG: Atai: 00005
2021-02-22 01:58:24.453 11923-12042/cx.bird.tbt.serialconanddraw I/TAG: 11
2021-02-22 01:58:24.453 11923-12042/cx.bird.tbt.serialconanddraw I/TAG: byte: 65,0,0,0,0,6,0,6
2021-02-22 01:58:24.464 11923-12042/cx.bird.tbt.serialconanddraw I/TAG: Atai: 00006
2021-02-22 01:58:25.512 11923-12042/cx.bird.tbt.serialconanddraw I/TAG: 11
2021-02-22 01:58:25.512 11923-12042/cx.bird.tbt.serialconanddraw I/TAG: byte: 65,0,0,0,0,7,0,7
2021-02-22 01:58:25.520 11923-12042/cx.bird.tbt.serialconanddraw I/TAG: Atai: 00007
2021-02-22 01:58:26.475 11923-12042/cx.bird.tbt.serialconanddraw I/TAG: 11
2021-02-22 01:58:26.475 11923-12042/cx.bird.tbt.serialconanddraw I/TAG: byte: 65,0,0,0,0,8,0,8
2021-02-22 01:58:26.485 11923-12042/cx.bird.tbt.serialconanddraw I/TAG: Atai: 00008
2021-02-22 01:58:27.528 11923-12042/cx.bird.tbt.serialconanddraw I/TAG: 11
2021-02-22 01:58:27.528 11923-12042/cx.bird.tbt.serialconanddraw I/TAG: byte: 65,0,0,0,0,9,0,9
2021-02-22 01:58:27.536 11923-12042/cx.bird.tbt.serialconanddraw I/TAG: Atai: 00009
2021-02-22 01:58:28.475 11923-12042/cx.bird.tbt.serialconanddraw I/TAG: 11
2021-02-22 01:58:28.476 11923-12042/cx.bird.tbt.serialconanddraw I/TAG: byte: 65,0,0,0,1,0,0,1
2021-02-22 01:58:28.488 11923-12042/cx.bird.tbt.serialconanddraw I/TAG: Atai: 00010
2021-02-22 01:58:29.433 11923-12042/cx.bird.tbt.serialconanddraw I/TAG: 2
2021-02-22 01:58:29.535 11923-12042/cx.bird.tbt.serialconanddraw I/TAG: 9
2021-02-22 01:58:29.574 11923-12042/cx.bird.tbt.serialconanddraw I/TAG: byte: 65,0,0,0,1,1,0,2
2021-02-22 01:58:29.581 11923-12042/cx.bird.tbt.serialconanddraw I/TAG: Atai: 00011
2021-02-22 01:58:30.531 11923-12042/cx.bird.tbt.serialconanddraw I/TAG: 11
2021-02-22 01:58:30.531 11923-12042/cx.bird.tbt.serialconanddraw I/TAG: byte: 65,0,0,0,1,2,0,3
2021-02-22 01:58:30.538 11923-12042/cx.bird.tbt.serialconanddraw I/TAG: Atai: 00012
2021-02-22 01:58:31.494 11923-12042/cx.bird.tbt.serialconanddraw I/TAG: 11
2021-02-22 01:58:31.494 11923-12042/cx.bird.tbt.serialconanddraw I/TAG: byte: 65,0,0,0,1,3,0,4
2021-02-22 01:58:31.503 11923-12042/cx.bird.tbt.serialconanddraw I/TAG: Atai: 00013
2021-02-22 01:58:32.452 11923-12042/cx.bird.tbt.serialconanddraw I/TAG: 11
2021-02-22 01:58:32.453 11923-12042/cx.bird.tbt.serialconanddraw I/TAG: byte: 65,0,0,0,1,4,0,5
2021-02-22 01:58:32.461 11923-12042/cx.bird.tbt.serialconanddraw I/TAG: Atai: 00014
2021-02-22 01:58:33.511 11923-12042/cx.bird.tbt.serialconanddraw I/TAG: 11
2021-02-22 01:58:33.511 11923-12042/cx.bird.tbt.serialconanddraw I/TAG: byte: 65,0,0,0,1,5,0,6
2021-02-22 01:58:33.519 11923-12042/cx.bird.tbt.serialconanddraw I/TAG: Atai: 00015
2021-02-22 01:58:34.455 11923-12042/cx.bird.tbt.serialconanddraw I/TAG: 11
2021-02-22 01:58:34.457 11923-12042/cx.bird.tbt.serialconanddraw I/TAG: byte: 65,0,0,0,1,6,0,7
2021-02-22 01:58:34.465 11923-12042/cx.bird.tbt.serialconanddraw I/TAG: Atai: 00016
2021-02-22 01:58:35.510 11923-12042/cx.bird.tbt.serialconanddraw I/TAG: 11
2021-02-22 01:58:35.510 11923-12042/cx.bird.tbt.serialconanddraw I/TAG: byte: 65,0,0,0,1,7,0,8
2021-02-22 01:58:35.517 11923-12042/cx.bird.tbt.serialconanddraw I/TAG: Atai: 00017
2021-02-22 01:58:36.455 11923-12042/cx.bird.tbt.serialconanddraw I/TAG: 11
2021-02-22 01:58:36.455 11923-12042/cx.bird.tbt.serialconanddraw I/TAG: byte: 65,0,0,0,1,8,0,9
2021-02-22 01:58:36.464 11923-12042/cx.bird.tbt.serialconanddraw I/TAG: Atai: 00018
2021-02-22 01:58:37.515 11923-12042/cx.bird.tbt.serialconanddraw I/TAG: 11
2021-02-22 01:58:37.515 11923-12042/cx.bird.tbt.serialconanddraw I/TAG: byte: 65,0,0,0,1,9,1,0
2021-02-22 01:58:37.524 11923-12042/cx.bird.tbt.serialconanddraw I/TAG: Atai: 00019
2021-02-22 01:58:38.474 11923-12042/cx.bird.tbt.serialconanddraw I/TAG: 11
2021-02-22 01:58:38.475 11923-12042/cx.bird.tbt.serialconanddraw I/TAG: byte: 65,0,0,0,2,0,0,2
2021-02-22 01:58:38.483 11923-12042/cx.bird.tbt.serialconanddraw I/TAG: Atai: 00020
2021-02-22 01:58:39.432 11923-12042/cx.bird.tbt.serialconanddraw I/TAG: 2
2021-02-22 01:58:39.535 11923-12042/cx.bird.tbt.serialconanddraw I/TAG: 9
2021-02-22 01:58:39.535 11923-12042/cx.bird.tbt.serialconanddraw I/TAG: byte: 65,0,0,0,2,1,0,3
2021-02-22 01:58:39.542 11923-12042/cx.bird.tbt.serialconanddraw I/TAG: Atai: 00021
2021-02-22 01:58:40.493 11923-12042/cx.bird.tbt.serialconanddraw I/TAG: 11
2021-02-22 01:58:40.493 11923-12042/cx.bird.tbt.serialconanddraw I/TAG: byte: 65,0,0,0,2,2,0,4
2021-02-22 01:58:40.501 11923-12042/cx.bird.tbt.serialconanddraw I/TAG: Atai: 00022
2021-02-22 01:58:41.443 11923-12042/cx.bird.tbt.serialconanddraw I/TAG: 10
2021-02-22 01:58:41.546 11923-12042/cx.bird.tbt.serialconanddraw I/TAG: 1
2021-02-22 01:58:41.547 11923-12042/cx.bird.tbt.serialconanddraw I/TAG: byte: 65,0,0,0,2,3,0,5
2021-02-22 01:58:41.553 11923-12042/cx.bird.tbt.serialconanddraw I/TAG: Atai: 00023
2021-02-22 01:58:42.495 11923-12042/cx.bird.tbt.serialconanddraw I/TAG: 11
2021-02-22 01:58:42.495 11923-12042/cx.bird.tbt.serialconanddraw I/TAG: byte: 65,0,0,0,2,4,0,6
2021-02-22 01:58:42.503 11923-12042/cx.bird.tbt.serialconanddraw I/TAG: Atai: 00024
2021-02-22 01:58:43.443 11923-12042/cx.bird.tbt.serialconanddraw I/TAG: 10
2021-02-22 01:58:43.545 11923-12042/cx.bird.tbt.serialconanddraw I/TAG: 1
2021-02-22 01:58:43.545 11923-12042/cx.bird.tbt.serialconanddraw I/TAG: byte: 65,0,0,0,2,5,0,7
2021-02-22 01:58:43.553 11923-12042/cx.bird.tbt.serialconanddraw I/TAG: Atai: 00025
2021-02-22 01:58:44.493 11923-12042/cx.bird.tbt.serialconanddraw I/TAG: 11
2021-02-22 01:58:44.493 11923-12042/cx.bird.tbt.serialconanddraw I/TAG: byte: 65,0,0,0,2,6,0,8
2021-02-22 01:58:44.501 11923-12042/cx.bird.tbt.serialconanddraw I/TAG: Atai: 00026
2021-02-22 01:58:45.434 11923-12042/cx.bird.tbt.serialconanddraw I/TAG: 3
2021-02-22 01:58:45.537 11923-12042/cx.bird.tbt.serialconanddraw I/TAG: 8
2021-02-22 01:58:45.537 11923-12042/cx.bird.tbt.serialconanddraw I/TAG: byte: 65,0,0,0,2,7,0,9
2021-02-22 01:58:45.545 11923-12042/cx.bird.tbt.serialconanddraw I/TAG: Atai: 00027
2021-02-22 01:58:46.494 11923-12042/cx.bird.tbt.serialconanddraw I/TAG: 11
2021-02-22 01:58:46.494 11923-12042/cx.bird.tbt.serialconanddraw I/TAG: byte: 65,0,0,0,2,8,1,0
2021-02-22 01:58:46.502 11923-12042/cx.bird.tbt.serialconanddraw I/TAG: Atai: 00028
2021-02-22 01:58:47.446 11923-12042/cx.bird.tbt.serialconanddraw I/TAG: 11
2021-02-22 01:58:47.447 11923-12042/cx.bird.tbt.serialconanddraw I/TAG: byte: 65,0,0,0,2,9,1,1
2021-02-22 01:58:47.454 11923-12042/cx.bird.tbt.serialconanddraw I/TAG: Atai: 00029
2021-02-22 01:58:48.509 11923-12042/cx.bird.tbt.serialconanddraw I/TAG: 11
2021-02-22 01:58:48.509 11923-12042/cx.bird.tbt.serialconanddraw I/TAG: byte: 65,0,0,0,3,0,0,3
2021-02-22 01:58:48.516 11923-12042/cx.bird.tbt.serialconanddraw I/TAG: Atai: 00030
2021-02-22 01:58:49.455 11923-12042/cx.bird.tbt.serialconanddraw I/TAG: 11
2021-02-22 01:58:49.456 11923-12042/cx.bird.tbt.serialconanddraw I/TAG: byte: 65,0,0,0,3,1,0,4
2021-02-22 01:58:49.463 11923-12042/cx.bird.tbt.serialconanddraw I/TAG: Atai: 00031
2021-02-22 01:58:50.523 11923-12042/cx.bird.tbt.serialconanddraw I/TAG: 11
2021-02-22 01:58:50.523 11923-12042/cx.bird.tbt.serialconanddraw I/TAG: byte: 65,0,0,0,3,2,0,5
2021-02-22 01:58:50.531 11923-12042/cx.bird.tbt.serialconanddraw I/TAG: Atai: 00032
2021-02-22 01:58:51.464 11923-12042/cx.bird.tbt.serialconanddraw I/TAG: 11
2021-02-22 01:58:51.465 11923-12042/cx.bird.tbt.serialconanddraw I/TAG: byte: 65,0,0,0,3,3,0,6
2021-02-22 01:58:51.472 11923-12042/cx.bird.tbt.serialconanddraw I/TAG: Atai: 00033
2021-02-22 01:58:52.515 11923-12042/cx.bird.tbt.serialconanddraw I/TAG: 11
2021-02-22 01:58:52.516 11923-12042/cx.bird.tbt.serialconanddraw I/TAG: byte: 65,0,0,0,3,4,0,7
2021-02-22 01:58:52.524 11923-12042/cx.bird.tbt.serialconanddraw I/TAG: Atai: 00034
2021-02-22 01:58:53.463 11923-12042/cx.bird.tbt.serialconanddraw I/TAG: 11
2021-02-22 01:58:53.463 11923-12042/cx.bird.tbt.serialconanddraw I/TAG: byte: 65,0,0,0,3,5,0,8
2021-02-22 01:58:53.473 11923-12042/cx.bird.tbt.serialconanddraw I/TAG: Atai: 00035
2021-02-22 01:58:54.535 11923-12042/cx.bird.tbt.serialconanddraw I/TAG: 11
2021-02-22 01:58:54.536 11923-12042/cx.bird.tbt.serialconanddraw I/TAG: byte: 65,0,0,0,3,6,0,9
2021-02-22 01:58:54.545 11923-12042/cx.bird.tbt.serialconanddraw I/TAG: Atai: 00036
2021-02-22 01:58:55.488 11923-12042/cx.bird.tbt.serialconanddraw I/TAG: 11
2021-02-22 01:58:55.488 11923-12042/cx.bird.tbt.serialconanddraw I/TAG: byte: 65,0,0,0,3,7,1,0
2021-02-22 01:58:55.495 11923-12042/cx.bird.tbt.serialconanddraw I/TAG: Atai: 00037
2021-02-22 01:58:56.443 11923-12042/cx.bird.tbt.serialconanddraw I/TAG: 9
2021-02-22 01:58:56.546 11923-12042/cx.bird.tbt.serialconanddraw I/TAG: 2
2021-02-22 01:58:56.546 11923-12042/cx.bird.tbt.serialconanddraw I/TAG: byte: 65,0,0,0,3,8,1,1
2021-02-22 01:58:56.553 11923-12042/cx.bird.tbt.serialconanddraw I/TAG: Atai: 00038
2021-02-22 01:58:57.525 11923-12042/cx.bird.tbt.serialconanddraw I/TAG: 11
2021-02-22 01:58:57.526 11923-12042/cx.bird.tbt.serialconanddraw I/TAG: byte: 65,0,0,0,3,9,1,2
2021-02-22 01:58:57.532 11923-12042/cx.bird.tbt.serialconanddraw I/TAG: Atai: 00039
2021-02-22 01:58:58.493 11923-12042/cx.bird.tbt.serialconanddraw I/TAG: 11
2021-02-22 01:58:58.493 11923-12042/cx.bird.tbt.serialconanddraw I/TAG: byte: 65,0,0,0,4,0,0,4
2021-02-22 01:58:58.500 11923-12042/cx.bird.tbt.serialconanddraw I/TAG: Atai: 00040
2021-02-22 01:58:59.445 11923-12042/cx.bird.tbt.serialconanddraw I/TAG: 11
2021-02-22 01:58:59.446 11923-12042/cx.bird.tbt.serialconanddraw I/TAG: byte: 65,0,0,0,4,1,0,5
2021-02-22 01:58:59.453 11923-12042/cx.bird.tbt.serialconanddraw I/TAG: Atai: 00041
2021-02-22 01:59:00.495 11923-12042/cx.bird.tbt.serialconanddraw I/TAG: 11
2021-02-22 01:59:00.496 11923-12042/cx.bird.tbt.serialconanddraw I/TAG: byte: 65,0,0,0,4,2,0,6
2021-02-22 01:59:00.504 11923-12042/cx.bird.tbt.serialconanddraw I/TAG: Atai: 00042
2021-02-22 01:59:01.434 11923-12042/cx.bird.tbt.serialconanddraw I/TAG: 1
2021-02-22 01:59:01.537 11923-12042/cx.bird.tbt.serialconanddraw I/TAG: 10
2021-02-22 01:59:01.537 11923-12042/cx.bird.tbt.serialconanddraw I/TAG: byte: 65,0,0,0,4,3,0,7
2021-02-22 01:59:01.545 11923-12042/cx.bird.tbt.serialconanddraw I/TAG: Atai: 00043
2021-02-22 01:59:02.485 11923-12042/cx.bird.tbt.serialconanddraw I/TAG: 11
2021-02-22 01:59:02.486 11923-12042/cx.bird.tbt.serialconanddraw I/TAG: byte: 65,0,0,0,4,4,0,8
2021-02-22 01:59:02.492 11923-12042/cx.bird.tbt.serialconanddraw I/TAG: Atai: 00044
2021-02-22 01:59:03.535 11923-12042/cx.bird.tbt.serialconanddraw I/TAG: 11
2021-02-22 01:59:03.536 11923-12042/cx.bird.tbt.serialconanddraw I/TAG: byte: 65,0,0,0,4,5,0,9
2021-02-22 01:59:03.543 11923-12042/cx.bird.tbt.serialconanddraw I/TAG: Atai: 00045
2021-02-22 01:59:04.485 11923-12042/cx.bird.tbt.serialconanddraw I/TAG: 11
2021-02-22 01:59:04.486 11923-12042/cx.bird.tbt.serialconanddraw I/TAG: byte: 65,0,0,0,4,6,1,0
2021-02-22 01:59:04.492 11923-12042/cx.bird.tbt.serialconanddraw I/TAG: Atai: 00046
2021-02-22 01:59:05.440 11923-12042/cx.bird.tbt.serialconanddraw I/TAG: 7
2021-02-22 01:59:05.543 11923-12042/cx.bird.tbt.serialconanddraw I/TAG: 4
2021-02-22 01:59:05.544 11923-12042/cx.bird.tbt.serialconanddraw I/TAG: byte: 65,0,0,0,4,7,1,1
2021-02-22 01:59:05.551 11923-12042/cx.bird.tbt.serialconanddraw I/TAG: Atai: 00047
2021-02-22 01:59:06.484 11923-12042/cx.bird.tbt.serialconanddraw I/TAG: 11
2021-02-22 01:59:06.485 11923-12042/cx.bird.tbt.serialconanddraw I/TAG: byte: 65,0,0,0,4,8,1,2
2021-02-22 01:59:06.491 11923-12042/cx.bird.tbt.serialconanddraw I/TAG: Atai: 00048
2021-02-22 01:59:07.533 11923-12042/cx.bird.tbt.serialconanddraw I/TAG: 11
2021-02-22 01:59:07.533 11923-12042/cx.bird.tbt.serialconanddraw I/TAG: byte: 65,0,0,0,4,9,1,3
2021-02-22 01:59:07.539 11923-12042/cx.bird.tbt.serialconanddraw I/TAG: Atai: 00049
2021-02-22 01:59:08.485 11923-12042/cx.bird.tbt.serialconanddraw I/TAG: 11
2021-02-22 01:59:08.486 11923-12042/cx.bird.tbt.serialconanddraw I/TAG: byte: 65,0,0,0,5,0,0,5
2021-02-22 01:59:08.493 11923-12042/cx.bird.tbt.serialconanddraw I/TAG: Atai: 00050
2021-02-22 01:59:09.443 11923-12042/cx.bird.tbt.serialconanddraw I/TAG: 7
2021-02-22 01:59:09.545 11923-12042/cx.bird.tbt.serialconanddraw I/TAG: 4
2021-02-22 01:59:09.546 11923-12042/cx.bird.tbt.serialconanddraw I/TAG: byte: 65,0,0,0,5,1,0,6
2021-02-22 01:59:09.552 11923-12042/cx.bird.tbt.serialconanddraw I/TAG: Atai: 00051
2021-02-22 01:59:10.493 11923-12042/cx.bird.tbt.serialconanddraw I/TAG: 11
2021-02-22 01:59:10.493 11923-12042/cx.bird.tbt.serialconanddraw I/TAG: byte: 65,0,0,0,5,2,0,7
2021-02-22 01:59:10.500 11923-12042/cx.bird.tbt.serialconanddraw I/TAG: Atai: 00052
2021-02-22 01:59:11.445 11923-12042/cx.bird.tbt.serialconanddraw I/TAG: 11
2021-02-22 01:59:11.446 11923-12042/cx.bird.tbt.serialconanddraw I/TAG: byte: 65,0,0,0,5,3,0,8
2021-02-22 01:59:11.452 11923-12042/cx.bird.tbt.serialconanddraw I/TAG: Atai: 00053
2021-02-22 01:59:12.515 11923-12042/cx.bird.tbt.serialconanddraw I/TAG: 11
2021-02-22 01:59:12.516 11923-12042/cx.bird.tbt.serialconanddraw I/TAG: byte: 65,0,0,0,5,4,0,9
2021-02-22 01:59:12.522 11923-12042/cx.bird.tbt.serialconanddraw I/TAG: Atai: 00054
2021-02-22 01:59:13.458 11923-12042/cx.bird.tbt.serialconanddraw I/TAG: 11
2021-02-22 01:59:13.459 11923-12042/cx.bird.tbt.serialconanddraw I/TAG: byte: 65,0,0,0,5,5,1,0
2021-02-22 01:59:13.466 11923-12042/cx.bird.tbt.serialconanddraw I/TAG: Atai: 00055
2021-02-22 01:59:14.510 11923-12042/cx.bird.tbt.serialconanddraw I/TAG: 11
2021-02-22 01:59:14.511 11923-12042/cx.bird.tbt.serialconanddraw I/TAG: byte: 65,0,0,0,5,6,1,1
2021-02-22 01:59:14.517 11923-12042/cx.bird.tbt.serialconanddraw I/TAG: Atai: 00056
2021-02-22 01:59:15.455 11923-12042/cx.bird.tbt.serialconanddraw I/TAG: 11
2021-02-22 01:59:15.455 11923-12042/cx.bird.tbt.serialconanddraw I/TAG: byte: 65,0,0,0,5,7,1,2
2021-02-22 01:59:15.463 11923-12042/cx.bird.tbt.serialconanddraw I/TAG: Atai: 00057
2021-02-22 01:59:16.524 11923-12042/cx.bird.tbt.serialconanddraw I/TAG: 11
2021-02-22 01:59:16.524 11923-12042/cx.bird.tbt.serialconanddraw I/TAG: byte: 65,0,0,0,5,8,1,3
2021-02-22 01:59:16.532 11923-12042/cx.bird.tbt.serialconanddraw I/TAG: Atai: 00058
2021-02-22 01:59:17.485 11923-12042/cx.bird.tbt.serialconanddraw I/TAG: 11
2021-02-22 01:59:17.485 11923-12042/cx.bird.tbt.serialconanddraw I/TAG: byte: 65,0,0,0,5,9,1,4
2021-02-22 01:59:17.492 11923-12042/cx.bird.tbt.serialconanddraw I/TAG: Atai: 00059
2021-02-22 01:59:18.532 11923-12042/cx.bird.tbt.serialconanddraw I/TAG: 11
2021-02-22 01:59:18.532 11923-12042/cx.bird.tbt.serialconanddraw I/TAG: byte: 65,0,0,0,6,0,0,6
2021-02-22 01:59:18.540 11923-12042/cx.bird.tbt.serialconanddraw I/TAG: Atai: 00060
2021-02-22 01:59:19.485 11923-12042/cx.bird.tbt.serialconanddraw I/TAG: 11
2021-02-22 01:59:19.485 11923-12042/cx.bird.tbt.serialconanddraw I/TAG: byte: 65,0,0,0,6,1,0,7
2021-02-22 01:59:19.492 11923-12042/cx.bird.tbt.serialconanddraw I/TAG: Atai: 00061
2021-02-22 01:59:20.533 11923-12042/cx.bird.tbt.serialconanddraw I/TAG: 11
2021-02-22 01:59:20.533 11923-12042/cx.bird.tbt.serialconanddraw I/TAG: byte: 65,0,0,0,6,2,0,8
2021-02-22 01:59:20.540 11923-12042/cx.bird.tbt.serialconanddraw I/TAG: Atai: 00062
2021-02-22 01:59:21.478 11923-12042/cx.bird.tbt.serialconanddraw I/TAG: 11
2021-02-22 01:59:21.478 11923-12042/cx.bird.tbt.serialconanddraw I/TAG: byte: 65,0,0,0,6,3,0,9
2021-02-22 01:59:21.485 11923-12042/cx.bird.tbt.serialconanddraw I/TAG: Atai: 00063
2021-02-22 01:59:22.544 11923-12042/cx.bird.tbt.serialconanddraw I/TAG: 7
2021-02-22 01:59:23.478 11923-12042/cx.bird.tbt.serialconanddraw I/TAG: 11
2021-02-22 01:59:23.478 11923-12042/cx.bird.tbt.serialconanddraw I/TAG: byte: 65,0,0,0,6,5,1,1
2021-02-22 01:59:23.485 11923-12042/cx.bird.tbt.serialconanddraw I/TAG: Atai: 00065
2021-02-22 01:59:24.533 11923-12042/cx.bird.tbt.serialconanddraw I/TAG: 11
2021-02-22 01:59:24.533 11923-12042/cx.bird.tbt.serialconanddraw I/TAG: byte: 65,0,0,0,6,6,1,2
2021-02-22 01:59:24.540 11923-12042/cx.bird.tbt.serialconanddraw I/TAG: Atai: 00066
2021-02-22 01:59:25.477 11923-12042/cx.bird.tbt.serialconanddraw I/TAG: 11
2021-02-22 01:59:25.478 11923-12042/cx.bird.tbt.serialconanddraw I/TAG: byte: 65,0,0,0,6,7,1,3
2021-02-22 01:59:25.485 11923-12042/cx.bird.tbt.serialconanddraw I/TAG: Atai: 00067
2021-02-22 01:59:27.462 11923-12042/cx.bird.tbt.serialconanddraw I/TAG: 11
2021-02-22 01:59:27.462 11923-12042/cx.bird.tbt.serialconanddraw I/TAG: byte: 65,0,0,0,6,9,1,5
2021-02-22 01:59:27.470 11923-12042/cx.bird.tbt.serialconanddraw I/TAG: Atai: 00069
2021-02-22 01:59:28.533 11923-12042/cx.bird.tbt.serialconanddraw I/TAG: 11
2021-02-22 01:59:28.533 11923-12042/cx.bird.tbt.serialconanddraw I/TAG: byte: 65,0,0,0,7,0,0,7
2021-02-22 01:59:28.540 11923-12042/cx.bird.tbt.serialconanddraw I/TAG: Atai: 00070
2021-02-22 01:59:29.492 11923-12042/cx.bird.tbt.serialconanddraw I/TAG: 11
2021-02-22 01:59:29.492 11923-12042/cx.bird.tbt.serialconanddraw I/TAG: byte: 65,0,0,0,7,1,0,8
2021-02-22 01:59:29.500 11923-12042/cx.bird.tbt.serialconanddraw I/TAG: Atai: 00071
2021-02-22 01:59:30.443 11923-12042/cx.bird.tbt.serialconanddraw I/TAG: 5
2021-02-22 01:59:30.546 11923-12042/cx.bird.tbt.serialconanddraw I/TAG: 6
2021-02-22 01:59:30.546 11923-12042/cx.bird.tbt.serialconanddraw I/TAG: byte: 65,0,0,0,7,2,0,9
2021-02-22 01:59:30.553 11923-12042/cx.bird.tbt.serialconanddraw I/TAG: Atai: 00072
2021-02-22 01:59:31.488 11923-12042/cx.bird.tbt.serialconanddraw I/TAG: 11
2021-02-22 01:59:31.488 11923-12042/cx.bird.tbt.serialconanddraw I/TAG: byte: 65,0,0,0,7,3,1,0
2021-02-22 01:59:31.495 11923-12042/cx.bird.tbt.serialconanddraw I/TAG: Atai: 00073
2021-02-22 01:59:32.442 11923-12042/cx.bird.tbt.serialconanddraw I/TAG: 4
2021-02-22 01:59:32.545 11923-12042/cx.bird.tbt.serialconanddraw I/TAG: 7
2021-02-22 01:59:32.545 11923-12042/cx.bird.tbt.serialconanddraw I/TAG: byte: 65,0,0,0,7,4,1,1
2021-02-22 01:59:32.553 11923-12042/cx.bird.tbt.serialconanddraw I/TAG: Atai: 00074
2021-02-22 01:59:33.486 11923-12042/cx.bird.tbt.serialconanddraw I/TAG: 11
2021-02-22 01:59:33.487 11923-12042/cx.bird.tbt.serialconanddraw I/TAG: byte: 65,0,0,0,7,5,1,2
2021-02-22 01:59:33.494 11923-12042/cx.bird.tbt.serialconanddraw I/TAG: Atai: 00075
2021-02-22 01:59:34.444 11923-12042/cx.bird.tbt.serialconanddraw I/TAG: 6
2021-02-22 01:59:34.547 11923-12042/cx.bird.tbt.serialconanddraw I/TAG: 5
2021-02-22 01:59:34.547 11923-12042/cx.bird.tbt.serialconanddraw I/TAG: byte: 65,0,0,0,7,6,1,3
2021-02-22 01:59:34.554 11923-12042/cx.bird.tbt.serialconanddraw I/TAG: Atai: 00076
2021-02-22 01:59:35.491 11923-12042/cx.bird.tbt.serialconanddraw I/TAG: 11
2021-02-22 01:59:35.492 11923-12042/cx.bird.tbt.serialconanddraw I/TAG: byte: 65,0,0,0,7,7,1,4
2021-02-22 01:59:35.501 11923-12042/cx.bird.tbt.serialconanddraw I/TAG: Atai: 00077
2021-02-22 01:59:36.443 11923-12042/cx.bird.tbt.serialconanddraw I/TAG: 5
2021-02-22 01:59:36.546 11923-12042/cx.bird.tbt.serialconanddraw I/TAG: 6
2021-02-22 01:59:36.546 11923-12042/cx.bird.tbt.serialconanddraw I/TAG: byte: 65,0,0,0,7,8,1,5
2021-02-22 01:59:36.552 11923-12042/cx.bird.tbt.serialconanddraw I/TAG: Atai: 00078
2021-02-22 01:59:37.493 11923-12042/cx.bird.tbt.serialconanddraw I/TAG: 11
2021-02-22 01:59:37.493 11923-12042/cx.bird.tbt.serialconanddraw I/TAG: byte: 65,0,0,0,7,9,1,6
2021-02-22 01:59:37.500 11923-12042/cx.bird.tbt.serialconanddraw I/TAG: Atai: 00079
2021-02-22 01:59:38.454 11923-12042/cx.bird.tbt.serialconanddraw I/TAG: 11
2021-02-22 01:59:38.454 11923-12042/cx.bird.tbt.serialconanddraw I/TAG: byte: 65,0,0,0,8,0,0,8
2021-02-22 01:59:38.462 11923-12042/cx.bird.tbt.serialconanddraw I/TAG: Atai: 00080
2021-02-22 01:59:39.511 11923-12042/cx.bird.tbt.serialconanddraw I/TAG: 11
2021-02-22 01:59:39.512 11923-12042/cx.bird.tbt.serialconanddraw I/TAG: byte: 65,0,0,0,8,1,0,9
2021-02-22 01:59:39.518 11923-12042/cx.bird.tbt.serialconanddraw I/TAG: Atai: 00081
2021-02-22 01:59:40.385 11923-11958/? I/erialconanddra: System.exit called, status: 1
2021-02-22 01:59:40.385 11923-11958/? I/AndroidRuntime: VM exiting with result code 1, cleanup skipped.
